[17Jul2024 15:27:44.851] [main/INFO] [cpw.mods.modlauncher.Launcher/MODLAUNCHER]: ModLauncher running: args [--launchTarget, forgeserver, --fml.forgeVersion, 47.2.20, --fml.mcVersion, 1.20.1, --fml.forgeGroup, net.minecraftforge, --fml.mcpVersion, 20230612.114412]
[17Jul2024 15:27:44.856] [main/INFO] [cpw.mods.modlauncher.Launcher/MODLAUNCHER]: ModLauncher 10.0.9+10.0.9+main.dcd20f30 starting: java version 19.0.1 by Oracle Corporation; OS Windows 10 arch amd64 version 10.0
[17Jul2024 15:27:44.966] [main/WARN] [net.minecraftforge.fml.loading.FMLConfig/CORE]: Configuration file C:\Users\AUSTIN\Downloads\All The Mods 9 - To the Sky-1.0.8a\overrides\config\fml.toml is not correct. Correcting
[17Jul2024 15:27:44.967] [main/INFO] [net.minecraftforge.fml.loading.FMLConfig/CORE]: Incorrect key [earlyWindowHeight] was corrected from null to 480
[17Jul2024 15:27:44.968] [main/INFO] [net.minecraftforge.fml.loading.FMLConfig/CORE]: Incorrect key [earlyWindowFBScale] was corrected from null to 1
[17Jul2024 15:27:44.968] [main/INFO] [net.minecraftforge.fml.loading.FMLConfig/CORE]: Incorrect key [earlyWindowProvider] was corrected from null to fmlearlywindow
[17Jul2024 15:27:44.969] [main/INFO] [net.minecraftforge.fml.loading.FMLConfig/CORE]: Incorrect key [earlyWindowWidth] was corrected from null to 854
[17Jul2024 15:27:44.969] [main/INFO] [net.minecraftforge.fml.loading.FMLConfig/CORE]: Incorrect key [earlyWindowMaximized] was corrected from null to false
[17Jul2024 15:27:44.970] [main/INFO] [net.minecraftforge.fml.loading.FMLConfig/CORE]: Incorrect key [defaultConfigPath] was corrected from null to defaultconfigs
[17Jul2024 15:27:44.970] [main/INFO] [net.minecraftforge.fml.loading.FMLConfig/CORE]: Incorrect key [disableOptimizedDFU] was corrected from null to true
[17Jul2024 15:27:44.970] [main/INFO] [net.minecraftforge.fml.loading.FMLConfig/CORE]: Incorrect key [earlyWindowSkipGLVersions] was corrected from null to []
[17Jul2024 15:27:44.970] [main/INFO] [net.minecraftforge.fml.loading.FMLConfig/CORE]: Incorrect key [earlyWindowControl] was corrected from null to true
[17Jul2024 15:27:44.971] [main/INFO] [net.minecraftforge.fml.loading.FMLConfig/CORE]: Incorrect key [maxThreads] was corrected from null to -1
[17Jul2024 15:27:44.971] [main/INFO] [net.minecraftforge.fml.loading.FMLConfig/CORE]: Incorrect key [earlyWindowSquir] was corrected from null to false
[17Jul2024 15:27:44.984] [main/INFO] [net.minecraftforge.fml.loading.ImmediateWindowHandler/]: ImmediateWindowProvider not loading because launch target is forgeserver
[17Jul2024 15:27:45.024] [main/INFO] [mixin/]: SpongePowered MIXIN Subsystem Version=0.8.5 Source=union:/C:/Users/AUSTIN/Downloads/All%20The%20Mods%209%20-%20To%20the%20Sky-1.0.8a/overrides/libraries/org/spongepowered/mixin/0.8.5/mixin-0.8.5.jar%2365!/ Service=ModLauncher Env=SERVER
[17Jul2024 15:27:45.170] [main/WARN] [net.minecraftforge.fml.loading.moddiscovery.ModFileParser/LOADING]: Mod file C:\Users\AUSTIN\Downloads\All The Mods 9 - To the Sky-1.0.8a\overrides\libraries\net\minecraftforge\fmlcore\1.20.1-47.2.20\fmlcore-1.20.1-47.2.20.jar is missing mods.toml file
[17Jul2024 15:27:45.174] [main/WARN] [net.minecraftforge.fml.loading.moddiscovery.ModFileParser/LOADING]: Mod file C:\Users\AUSTIN\Downloads\All The Mods 9 - To the Sky-1.0.8a\overrides\libraries\net\minecraftforge\javafmllanguage\1.20.1-47.2.20\javafmllanguage-1.20.1-47.2.20.jar is missing mods.toml file
[17Jul2024 15:27:45.177] [main/WARN] [net.minecraftforge.fml.loading.moddiscovery.ModFileParser/LOADING]: Mod file C:\Users\AUSTIN\Downloads\All The Mods 9 - To the Sky-1.0.8a\overrides\libraries\net\minecraftforge\lowcodelanguage\1.20.1-47.2.20\lowcodelanguage-1.20.1-47.2.20.jar is missing mods.toml file
[17Jul2024 15:27:45.180] [main/WARN] [net.minecraftforge.fml.loading.moddiscovery.ModFileParser/LOADING]: Mod file C:\Users\AUSTIN\Downloads\All The Mods 9 - To the Sky-1.0.8a\overrides\libraries\net\minecraftforge\mclanguage\1.20.1-47.2.20\mclanguage-1.20.1-47.2.20.jar is missing mods.toml file
[17Jul2024 15:27:45.245] [main/INFO] [net.minecraftforge.fml.loading.moddiscovery.JarInJarDependencyLocator/]: No dependencies to load found. Skipping!
[17Jul2024 15:27:46.037] [main/INFO] [cpw.mods.modlauncher.LaunchServiceHandler/MODLAUNCHER]: Launching target 'forgeserver' with arguments []
[17Jul2024 15:27:46.368] [main/WARN] [net.minecraft.server.Eula/]: Failed to load eula.txt
[17Jul2024 15:27:46.379] [main/INFO] [net.minecraft.server.Main/]: You need to agree to the EULA in order to run the server. Go to eula.txt for more info.
